<?xml version="1.0" encoding="UTF-8"?>
<!-- Generated by org.testng.reporters.JUnitXMLReporter -->
<testsuite ignored="0" hostname="Arunachelam" failures="0" tests="5" name="Default test" time="43.763" errors="0" timestamp="2025-08-25T22:50:12 IST">
  <testcase classname="testScripts.LoginPageTestcases" name="TC_001" time="9.226"/>
  <testcase classname="testScripts.LoginPageTestcases" name="TC_002" time="3.782"/>
  <testcase classname="testScripts.LoginPageTestcases" name="TC_003" time="3.656"/>
  <testcase classname="testScripts.LoginPageTestcases" name="TC_004" time="3.247"/>
  <testcase classname="testScripts.LoginPageTestcases" name="TC_005" time="7.625"/>
</testsuite> <!-- Default test -->
