<?xml version="1.0" encoding="UTF-8"?>
<testng-results ignored="0" total="1" passed="1" failed="0" skipped="0">
  <reporter-output>
  </reporter-output>
  <suite started-at="2025-03-24T21:22:48 IST" name="Default suite" finished-at="2025-03-24T21:22:55 IST" duration-ms="7580">
    <groups>
    </groups>
    <test started-at="2025-03-24T21:22:48 IST" name="Default test" finished-at="2025-03-24T21:22:55 IST" duration-ms="7580">
      <class name="com.HappyTesting.SauceLabs.TestScripts.PurchaseProducts">
        <test-method is-config="true" signature="SetupBrowser()[pri:0, instance:com.HappyTesting.SauceLabs.TestScripts.PurchaseProducts@1165b38]" started-at="2025-03-24T21:22:48 IST" name="SetupBrowser" finished-at="2025-03-24T21:22:51 IST" duration-ms="2829" status="PASS">
          <reporter-output>
          </reporter-output>
        </test-method> <!-- SetupBrowser -->
        <test-method signature="TC_01()[pri:0, instance:com.HappyTesting.SauceLabs.TestScripts.PurchaseProducts@1165b38]" started-at="2025-03-24T21:22:51 IST" name="TC_01" description="Purchase Products" finished-at="2025-03-24T21:22:55 IST" duration-ms="4353" status="PASS">
          <reporter-output>
          </reporter-output>
        </test-method> <!-- TC_01 -->
        <test-method is-config="true" signature="TearDownBrowser()[pri:0, instance:com.HappyTesting.SauceLabs.TestScripts.PurchaseProducts@1165b38]" started-at="2025-03-24T21:22:55 IST" name="TearDownBrowser" finished-at="2025-03-24T21:22:55 IST" duration-ms="330" status="PASS">
          <reporter-output>
          </reporter-output>
        </test-method> <!-- TearDownBrowser -->
      </class> <!-- com.HappyTesting.SauceLabs.TestScripts.PurchaseProducts -->
    </test> <!-- Default test -->
  </suite> <!-- Default suite -->
</testng-results>
